<?xml version="1.0" encoding="UTF-8"?>
<coverage line-rate="0.708609271523179" branch-rate="0" lines-covered="963" lines-valid="1359" branches-covered="0" branches-valid="0" complexity="0" version="3.6.1" timestamp="2022-10-12 09:31:46">
  <sources/>
  <packages>
    <package name="staged.dependencies" line-rate="0.708609271523179" branch-rate="0" complexity="0">
      <classes>
        <class name="caching.R" filename="R/caching.R" line-rate="0.970059880239521" branch-rate="0" complexity="0">
          <methods>
            <method name="get_packages_cache_dir" signature="" line-rate="1" branch-rate="0">
              <lines>
                <line number="3" hits="127" branch="false"/>
              </lines>
            </method>
            <method name="clear_cache" signature="" line-rate="1" branch-rate="0">
              <lines>
                <line number="22" hits="11" branch="false"/>
                <line number="23" hits="11" branch="false"/>
                <line number="24" hits="9" branch="false"/>
                <line number="26" hits="11" branch="false"/>
                <line number="27" hits="2" branch="false"/>
                <line number="28" hits="2" branch="false"/>
                <line number="29" hits="1" branch="false"/>
                <line number="31" hits="1" branch="false"/>
              </lines>
            </method>
            <method name="copy_config_to_storage_dir" signature="" line-rate="1" branch-rate="0">
              <lines>
                <line number="39" hits="10" branch="false"/>
                <line number="40" hits="10" branch="false"/>
                <line number="41" hits="10" branch="false"/>
                <line number="42" hits="10" branch="false"/>
              </lines>
            </method>
            <method name="get_repo_cache_dir" signature="" line-rate="1" branch-rate="0">
              <lines>
                <line number="47" hits="75" branch="false"/>
                <line number="48" hits="75" branch="false"/>
                <line number="49" hits="75" branch="false"/>
                <line number="50" hits="75" branch="false"/>
                <line number="51" hits="75" branch="false"/>
                <line number="56" hits="75" branch="false"/>
                <line number="57" hits="75" branch="false"/>
                <line number="58" hits="75" branch="false"/>
                <line number="59" hits="75" branch="false"/>
                <line number="60" hits="75" branch="false"/>
                <line number="61" hits="75" branch="false"/>
                <line number="62" hits="75" branch="false"/>
                <line number="63" hits="75" branch="false"/>
              </lines>
            </method>
            <method name="get_active_branch_in_cache" signature="" line-rate="0" branch-rate="0">
              <lines>
                <line number="68" hits="0" branch="false"/>
              </lines>
            </method>
            <method name="copy_local_repo_to_cachedir" signature="" line-rate="0.925925925925926" branch-rate="0">
              <lines>
                <line number="75" hits="12" branch="false"/>
                <line number="76" hits="12" branch="false"/>
                <line number="78" hits="12" branch="false"/>
                <line number="79" hits="12" branch="false"/>
                <line number="80" hits="5" branch="false"/>
                <line number="83" hits="12" branch="false"/>
                <line number="84" hits="6" branch="false"/>
                <line number="90" hits="12" branch="false"/>
                <line number="91" hits="12" branch="false"/>
                <line number="93" hits="12" branch="false"/>
                <line number="94" hits="2" branch="false"/>
                <line number="97" hits="12" branch="false"/>
                <line number="98" hits="12" branch="false"/>
                <line number="99" hits="12" branch="false"/>
                <line number="100" hits="12" branch="false"/>
                <line number="101" hits="12" branch="false"/>
                <line number="102" hits="2" branch="false"/>
                <line number="103" hits="12" branch="false"/>
                <line number="104" hits="12" branch="false"/>
                <line number="111" hits="12" branch="false"/>
                <line number="113" hits="12" branch="false"/>
                <line number="114" hits="12" branch="false"/>
                <line number="115" hits="12" branch="false"/>
                <line number="116" hits="12" branch="false"/>
                <line number="117" hits="12" branch="false"/>
                <line number="118" hits="12" branch="false"/>
                <line number="119" hits="12" branch="false"/>
                <line number="121" hits="12" branch="false"/>
                <line number="123" hits="1" branch="false"/>
                <line number="124" hits="1" branch="false"/>
                <line number="125" hits="1" branch="false"/>
                <line number="126" hits="1" branch="false"/>
                <line number="127" hits="1" branch="false"/>
                <line number="131" hits="0" branch="false"/>
                <line number="132" hits="0" branch="false"/>
                <line number="133" hits="0" branch="false"/>
                <line number="134" hits="0" branch="false"/>
                <line number="139" hits="11" branch="false"/>
                <line number="140" hits="11" branch="false"/>
                <line number="141" hits="11" branch="false"/>
                <line number="143" hits="5" branch="false"/>
                <line number="144" hits="1" branch="false"/>
                <line number="145" hits="1" branch="false"/>
                <line number="146" hits="1" branch="false"/>
                <line number="147" hits="1" branch="false"/>
                <line number="149" hits="5" branch="false"/>
                <line number="150" hits="5" branch="false"/>
                <line number="151" hits="5" branch="false"/>
                <line number="152" hits="5" branch="false"/>
                <line number="153" hits="5" branch="false"/>
                <line number="156" hits="11" branch="false"/>
                <line number="157" hits="11" branch="false"/>
                <line number="158" hits="11" branch="false"/>
                <line number="159" hits="11" branch="false"/>
              </lines>
            </method>
            <method name="copy_renv_profiles" signature="" line-rate="1" branch-rate="0">
              <lines>
                <line number="166" hits="4" branch="false"/>
                <line number="167" hits="4" branch="false"/>
                <line number="168" hits="1" branch="false"/>
                <line number="169" hits="1" branch="false"/>
                <line number="170" hits="1" branch="false"/>
                <line number="171" hits="1" branch="false"/>
                <line number="172" hits="1" branch="false"/>
                <line number="173" hits="1" branch="false"/>
                <line number="174" hits="1" branch="false"/>
                <line number="175" hits="1" branch="false"/>
                <line number="176" hits="1" branch="false"/>
                <line number="177" hits="1" branch="false"/>
                <line number="178" hits="1" branch="false"/>
                <line number="179" hits="1" branch="false"/>
              </lines>
            </method>
            <method name="get_hashed_repo_to_dir_mapping" signature="" line-rate="1" branch-rate="0">
              <lines>
                <line number="186" hits="6" branch="false"/>
                <line number="187" hits="3" branch="false"/>
                <line number="189" hits="3" branch="false"/>
                <line number="190" hits="3" branch="false"/>
                <line number="191" hits="3" branch="false"/>
                <line number="192" hits="3" branch="false"/>
                <line number="193" hits="3" branch="false"/>
              </lines>
            </method>
            <method name="rec_checkout_internal_deps" signature="" line-rate="1" branch-rate="0">
              <lines>
                <line number="228" hits="5" branch="false"/>
                <line number="229" hits="5" branch="false"/>
                <line number="230" hits="5" branch="false"/>
                <line number="231" hits="5" branch="false"/>
                <line number="232" hits="5" branch="false"/>
                <line number="233" hits="5" branch="false"/>
                <line number="235" hits="5" branch="false"/>
                <line number="236" hits="5" branch="false"/>
                <line number="238" hits="5" branch="false"/>
                <line number="239" hits="5" branch="false"/>
                <line number="241" hits="5" branch="false"/>
                <line number="242" hits="5" branch="false"/>
                <line number="243" hits="5" branch="false"/>
                <line number="244" hits="5" branch="false"/>
                <line number="247" hits="5" branch="false"/>
                <line number="248" hits="5" branch="false"/>
                <line number="249" hits="5" branch="false"/>
                <line number="251" hits="5" branch="false"/>
                <line number="252" hits="5" branch="false"/>
                <line number="253" hits="5" branch="false"/>
                <line number="255" hits="5" branch="false"/>
                <line number="256" hits="5" branch="false"/>
                <line number="257" hits="5" branch="false"/>
                <line number="258" hits="5" branch="false"/>
                <line number="259" hits="5" branch="false"/>
                <line number="260" hits="5" branch="false"/>
                <line number="261" hits="5" branch="false"/>
                <line number="262" hits="5" branch="false"/>
                <line number="263" hits="5" branch="false"/>
                <line number="264" hits="5" branch="false"/>
                <line number="265" hits="5" branch="false"/>
                <line number="266" hits="5" branch="false"/>
                <line number="267" hits="5" branch="false"/>
                <line number="268" hits="5" branch="false"/>
                <line number="269" hits="5" branch="false"/>
                <line number="270" hits="5" branch="false"/>
                <line number="271" hits="5" branch="false"/>
                <line number="272" hits="5" branch="false"/>
                <line number="273" hits="5" branch="false"/>
                <line number="274" hits="5" branch="false"/>
                <line number="276" hits="5" branch="false"/>
                <line number="277" hits="5" branch="false"/>
                <line number="278" hits="5" branch="false"/>
                <line number="279" hits="5" branch="false"/>
                <line number="280" hits="5" branch="false"/>
                <line number="281" hits="5" branch="false"/>
                <line number="282" hits="5" branch="false"/>
                <line number="283" hits="5" branch="false"/>
                <line number="284" hits="5" branch="false"/>
                <line number="285" hits="5" branch="false"/>
                <line number="286" hits="5" branch="false"/>
                <line number="287" hits="5" branch="false"/>
                <line number="288" hits="5" branch="false"/>
                <line number="289" hits="5" branch="false"/>
                <line number="290" hits="5" branch="false"/>
                <line number="291" hits="5" branch="false"/>
                <line number="292" hits="5" branch="false"/>
                <line number="293" hits="5" branch="false"/>
                <line number="294" hits="5" branch="false"/>
                <line number="296" hits="3" branch="false"/>
                <line number="297" hits="3" branch="false"/>
                <line number="298" hits="3" branch="false"/>
                <line number="299" hits="3" branch="false"/>
                <line number="300" hits="3" branch="false"/>
                <line number="301" hits="3" branch="false"/>
              </lines>
            </method>
          </methods>
          <lines>
            <line number="3" hits="127" branch="false"/>
            <line number="22" hits="11" branch="false"/>
            <line number="23" hits="11" branch="false"/>
            <line number="24" hits="9" branch="false"/>
            <line number="26" hits="11" branch="false"/>
            <line number="27" hits="2" branch="false"/>
            <line number="28" hits="2" branch="false"/>
            <line number="29" hits="1" branch="false"/>
            <line number="31" hits="1" branch="false"/>
            <line number="39" hits="10" branch="false"/>
            <line number="40" hits="10" branch="false"/>
            <line number="41" hits="10" branch="false"/>
            <line number="42" hits="10" branch="false"/>
            <line number="47" hits="75" branch="false"/>
            <line number="48" hits="75" branch="false"/>
            <line number="49" hits="75" branch="false"/>
            <line number="50" hits="75" branch="false"/>
            <line number="51" hits="75" branch="false"/>
            <line number="56" hits="75" branch="false"/>
            <line number="57" hits="75" branch="false"/>
            <line number="58" hits="75" branch="false"/>
            <line number="59" hits="75" branch="false"/>
            <line number="60" hits="75" branch="false"/>
            <line number="61" hits="75" branch="false"/>
            <line number="62" hits="75" branch="false"/>
            <line number="63" hits="75" branch="false"/>
            <line number="68" hits="0" branch="false"/>
            <line number="75" hits="12" branch="false"/>
            <line number="76" hits="12" branch="false"/>
            <line number="78" hits="12" branch="false"/>
            <line number="79" hits="12" branch="false"/>
            <line number="80" hits="5" branch="false"/>
            <line number="83" hits="12" branch="false"/>
            <line number="84" hits="6" branch="false"/>
            <line number="90" hits="12" branch="false"/>
            <line number="91" hits="12" branch="false"/>
            <line number="93" hits="12" branch="false"/>
            <line number="94" hits="2" branch="false"/>
            <line number="97" hits="12" branch="false"/>
            <line number="98" hits="12" branch="false"/>
            <line number="99" hits="12" branch="false"/>
            <line number="100" hits="12" branch="false"/>
            <line number="101" hits="12" branch="false"/>
            <line number="102" hits="2" branch="false"/>
            <line number="103" hits="12" branch="false"/>
            <line number="104" hits="12" branch="false"/>
            <line number="111" hits="12" branch="false"/>
            <line number="113" hits="12" branch="false"/>
            <line number="114" hits="12" branch="false"/>
            <line number="115" hits="12" branch="false"/>
            <line number="116" hits="12" branch="false"/>
            <line number="117" hits="12" branch="false"/>
            <line number="118" hits="12" branch="false"/>
            <line number="119" hits="12" branch="false"/>
            <line number="121" hits="12" branch="false"/>
            <line number="123" hits="1" branch="false"/>
            <line number="124" hits="1" branch="false"/>
            <line number="125" hits="1" branch="false"/>
            <line number="126" hits="1" branch="false"/>
            <line number="127" hits="1" branch="false"/>
            <line number="131" hits="0" branch="false"/>
            <line number="132" hits="0" branch="false"/>
            <line number="133" hits="0" branch="false"/>
            <line number="134" hits="0" branch="false"/>
            <line number="139" hits="11" branch="false"/>
            <line number="140" hits="11" branch="false"/>
            <line number="141" hits="11" branch="false"/>
            <line number="143" hits="5" branch="false"/>
            <line number="144" hits="1" branch="false"/>
            <line number="145" hits="1" branch="false"/>
            <line number="146" hits="1" branch="false"/>
            <line number="147" hits="1" branch="false"/>
            <line number="149" hits="5" branch="false"/>
            <line number="150" hits="5" branch="false"/>
            <line number="151" hits="5" branch="false"/>
            <line number="152" hits="5" branch="false"/>
            <line number="153" hits="5" branch="false"/>
            <line number="156" hits="11" branch="false"/>
            <line number="157" hits="11" branch="false"/>
            <line number="158" hits="11" branch="false"/>
            <line number="159" hits="11" branch="false"/>
            <line number="166" hits="4" branch="false"/>
            <line number="167" hits="4" branch="false"/>
            <line number="168" hits="1" branch="false"/>
            <line number="169" hits="1" branch="false"/>
            <line number="170" hits="1" branch="false"/>
            <line number="171" hits="1" branch="false"/>
            <line number="172" hits="1" branch="false"/>
            <line number="173" hits="1" branch="false"/>
            <line number="174" hits="1" branch="false"/>
            <line number="175" hits="1" branch="false"/>
            <line number="176" hits="1" branch="false"/>
            <line number="177" hits="1" branch="false"/>
            <line number="178" hits="1" branch="false"/>
            <line number="179" hits="1" branch="false"/>
            <line number="186" hits="6" branch="false"/>
            <line number="187" hits="3" branch="false"/>
            <line number="189" hits="3" branch="false"/>
            <line number="190" hits="3" branch="false"/>
            <line number="191" hits="3" branch="false"/>
            <line number="192" hits="3" branch="false"/>
            <line number="193" hits="3" branch="false"/>
            <line number="228" hits="5" branch="false"/>
            <line number="229" hits="5" branch="false"/>
            <line number="230" hits="5" branch="false"/>
            <line number="231" hits="5" branch="false"/>
            <line number="232" hits="5" branch="false"/>
            <line number="233" hits="5" branch="false"/>
            <line number="235" hits="5" branch="false"/>
            <line number="236" hits="5" branch="false"/>
            <line number="238" hits="5" branch="false"/>
            <line number="239" hits="5" branch="false"/>
            <line number="241" hits="5" branch="false"/>
            <line number="242" hits="5" branch="false"/>
            <line number="243" hits="5" branch="false"/>
            <line number="244" hits="5" branch="false"/>
            <line number="247" hits="5" branch="false"/>
            <line number="248" hits="5" branch="false"/>
            <line number="249" hits="5" branch="false"/>
            <line number="251" hits="5" branch="false"/>
            <line number="252" hits="5" branch="false"/>
            <line number="253" hits="5" branch="false"/>
            <line number="255" hits="5" branch="false"/>
            <line number="256" hits="5" branch="false"/>
            <line number="257" hits="5" branch="false"/>
            <line number="258" hits="5" branch="false"/>
            <line number="259" hits="5" branch="false"/>
            <line number="260" hits="5" branch="false"/>
            <line number="261" hits="5" branch="false"/>
            <line number="262" hits="5" branch="false"/>
            <line number="263" hits="5" branch="false"/>
            <line number="264" hits="5" branch="false"/>
            <line number="265" hits="5" branch="false"/>
            <line number="266" hits="5" branch="false"/>
            <line number="267" hits="5" branch="false"/>
            <line number="268" hits="5" branch="false"/>
            <line number="269" hits="5" branch="false"/>
            <line number="270" hits="5" branch="false"/>
            <line number="271" hits="5" branch="false"/>
            <line number="272" hits="5" branch="false"/>
            <line number="273" hits="5" branch="false"/>
            <line number="274" hits="5" branch="false"/>
            <line number="276" hits="5" branch="false"/>
            <line number="277" hits="5" branch="false"/>
            <line number="278" hits="5" branch="false"/>
            <line number="279" hits="5" branch="false"/>
            <line number="280" hits="5" branch="false"/>
            <line number="281" hits="5" branch="false"/>
            <line number="282" hits="5" branch="false"/>
            <line number="283" hits="5" branch="false"/>
            <line number="284" hits="5" branch="false"/>
            <line number="285" hits="5" branch="false"/>
            <line number="286" hits="5" branch="false"/>
            <line number="287" hits="5" branch="false"/>
            <line number="288" hits="5" branch="false"/>
            <line number="289" hits="5" branch="false"/>
            <line number="290" hits="5" branch="false"/>
            <line number="291" hits="5" branch="false"/>
            <line number="292" hits="5" branch="false"/>
            <line number="293" hits="5" branch="false"/>
            <line number="294" hits="5" branch="false"/>
            <line number="296" hits="3" branch="false"/>
            <line number="297" hits="3" branch="false"/>
            <line number="298" hits="3" branch="false"/>
            <line number="299" hits="3" branch="false"/>
            <line number="300" hits="3" branch="false"/>
            <line number="301" hits="3" branch="false"/>
          </lines>
        </class>
        <class name="dependencies_app.R" filename="R/dependencies_app.R" line-rate="0" branch-rate="0" complexity="0">
          <methods>
            <method name="install_deps_app" signature="" line-rate="0" branch-rate="0">
              <lines>
                <line number="38" hits="0" branch="false"/>
                <line number="40" hits="0" branch="false"/>
                <line number="41" hits="0" branch="false"/>
                <line number="42" hits="0" branch="false"/>
                <line number="43" hits="0" branch="false"/>
                <line number="44" hits="0" branch="false"/>
                <line number="45" hits="0" branch="false"/>
                <line number="46" hits="0" branch="false"/>
                <line number="47" hits="0" branch="false"/>
                <line number="48" hits="0" branch="false"/>
                <line number="49" hits="0" branch="false"/>
                <line number="50" hits="0" branch="false"/>
                <line number="51" hits="0" branch="false"/>
                <line number="52" hits="0" branch="false"/>
                <line number="53" hits="0" branch="false"/>
                <line number="54" hits="0" branch="false"/>
                <line number="55" hits="0" branch="false"/>
                <line number="56" hits="0" branch="false"/>
                <line number="57" hits="0" branch="false"/>
                <line number="58" hits="0" branch="false"/>
                <line number="59" hits="0" branch="false"/>
                <line number="60" hits="0" branch="false"/>
                <line number="61" hits="0" branch="false"/>
                <line number="62" hits="0" branch="false"/>
                <line number="63" hits="0" branch="false"/>
                <line number="64" hits="0" branch="false"/>
                <line number="65" hits="0" branch="false"/>
                <line number="66" hits="0" branch="false"/>
                <line number="67" hits="0" branch="false"/>
                <line number="68" hits="0" branch="false"/>
                <line number="69" hits="0" branch="false"/>
                <line number="70" hits="0" branch="false"/>
                <line number="71" hits="0" branch="false"/>
                <line number="72" hits="0" branch="false"/>
                <line number="73" hits="0" branch="false"/>
                <line number="74" hits="0" branch="false"/>
                <line number="75" hits="0" branch="false"/>
                <line number="76" hits="0" branch="false"/>
                <line number="78" hits="0" branch="false"/>
                <line number="79" hits="0" branch="false"/>
                <line number="80" hits="0" branch="false"/>
                <line number="81" hits="0" branch="false"/>
                <line number="83" hits="0" branch="false"/>
                <line number="84" hits="0" branch="false"/>
                <line number="85" hits="0" branch="false"/>
                <line number="86" hits="0" branch="false"/>
                <line number="88" hits="0" branch="false"/>
                <line number="89" hits="0" branch="false"/>
                <line number="90" hits="0" branch="false"/>
                <line number="91" hits="0" branch="false"/>
                <line number="92" hits="0" branch="false"/>
                <line number="93" hits="0" branch="false"/>
                <line number="94" hits="0" branch="false"/>
                <line number="95" hits="0" branch="false"/>
                <line number="96" hits="0" branch="false"/>
                <line number="97" hits="0" branch="false"/>
                <line number="98" hits="0" branch="false"/>
                <line number="99" hits="0" branch="false"/>
                <line number="100" hits="0" branch="false"/>
                <line number="101" hits="0" branch="false"/>
                <line number="102" hits="0" branch="false"/>
                <line number="103" hits="0" branch="false"/>
                <line number="104" hits="0" branch="false"/>
                <line number="106" hits="0" branch="false"/>
                <line number="107" hits="0" branch="false"/>
                <line number="108" hits="0" branch="false"/>
                <line number="109" hits="0" branch="false"/>
                <line number="112" hits="0" branch="false"/>
                <line number="113" hits="0" branch="false"/>
                <line number="115" hits="0" branch="false"/>
                <line number="116" hits="0" branch="false"/>
                <line number="117" hits="0" branch="false"/>
                <line number="118" hits="0" branch="false"/>
                <line number="120" hits="0" branch="false"/>
                <line number="121" hits="0" branch="false"/>
                <line number="122" hits="0" branch="false"/>
                <line number="123" hits="0" branch="false"/>
                <line number="124" hits="0" branch="false"/>
                <line number="125" hits="0" branch="false"/>
                <line number="129" hits="0" branch="false"/>
                <line number="130" hits="0" branch="false"/>
                <line number="131" hits="0" branch="false"/>
                <line number="132" hits="0" branch="false"/>
                <line number="133" hits="0" branch="false"/>
                <line number="134" hits="0" branch="false"/>
                <line number="135" hits="0" branch="false"/>
                <line number="136" hits="0" branch="false"/>
                <line number="137" hits="0" branch="false"/>
                <line number="138" hits="0" branch="false"/>
                <line number="140" hits="0" branch="false"/>
                <line number="141" hits="0" branch="false"/>
                <line number="142" hits="0" branch="false"/>
                <line number="143" hits="0" branch="false"/>
                <line number="144" hits="0" branch="false"/>
                <line number="145" hits="0" branch="false"/>
                <line number="146" hits="0" branch="false"/>
                <line number="147" hits="0" branch="false"/>
                <line number="148" hits="0" branch="false"/>
                <line number="149" hits="0" branch="false"/>
                <line number="150" hits="0" branch="false"/>
                <line number="151" hits="0" branch="false"/>
                <line number="152" hits="0" branch="false"/>
                <line number="154" hits="0" branch="false"/>
                <line number="160" hits="0" branch="false"/>
                <line number="161" hits="0" branch="false"/>
                <line number="162" hits="0" branch="false"/>
                <line number="163" hits="0" branch="false"/>
                <line number="164" hits="0" branch="false"/>
                <line number="165" hits="0" branch="false"/>
                <line number="166" hits="0" branch="false"/>
                <line number="167" hits="0" branch="false"/>
                <line number="168" hits="0" branch="false"/>
                <line number="169" hits="0" branch="false"/>
                <line number="170" hits="0" branch="false"/>
                <line number="171" hits="0" branch="false"/>
                <line number="172" hits="0" branch="false"/>
                <line number="173" hits="0" branch="false"/>
                <line number="174" hits="0" branch="false"/>
                <line number="175" hits="0" branch="false"/>
                <line number="176" hits="0" branch="false"/>
                <line number="177" hits="0" branch="false"/>
                <line number="178" hits="0" branch="false"/>
                <line number="183" hits="0" branch="false"/>
                <line number="184" hits="0" branch="false"/>
                <line number="185" hits="0" branch="false"/>
                <line number="186" hits="0" branch="false"/>
                <line number="187" hits="0" branch="false"/>
                <line number="188" hits="0" branch="false"/>
                <line number="189" hits="0" branch="false"/>
                <line number="190" hits="0" branch="false"/>
                <line number="193" hits="0" branch="false"/>
              </lines>
            </method>
          </methods>
          <lines>
            <line number="38" hits="0" branch="false"/>
            <line number="40" hits="0" branch="false"/>
            <line number="41" hits="0" branch="false"/>
            <line number="42" hits="0" branch="false"/>
            <line number="43" hits="0" branch="false"/>
            <line number="44" hits="0" branch="false"/>
            <line number="45" hits="0" branch="false"/>
            <line number="46" hits="0" branch="false"/>
            <line number="47" hits="0" branch="false"/>
            <line number="48" hits="0" branch="false"/>
            <line number="49" hits="0" branch="false"/>
            <line number="50" hits="0" branch="false"/>
            <line number="51" hits="0" branch="false"/>
            <line number="52" hits="0" branch="false"/>
            <line number="53" hits="0" branch="false"/>
            <line number="54" hits="0" branch="false"/>
            <line number="55" hits="0" branch="false"/>
            <line number="56" hits="0" branch="false"/>
            <line number="57" hits="0" branch="false"/>
            <line number="58" hits="0" branch="false"/>
            <line number="59" hits="0" branch="false"/>
            <line number="60" hits="0" branch="false"/>
            <line number="61" hits="0" branch="false"/>
            <line number="62" hits="0" branch="false"/>
            <line number="63" hits="0" branch="false"/>
            <line number="64" hits="0" branch="false"/>
            <line number="65" hits="0" branch="false"/>
            <line number="66" hits="0" branch="false"/>
            <line number="67" hits="0" branch="false"/>
            <line number="68" hits="0" branch="false"/>
            <line number="69" hits="0" branch="false"/>
            <line number="70" hits="0" branch="false"/>
            <line number="71" hits="0" branch="false"/>
            <line number="72" hits="0" branch="false"/>
            <line number="73" hits="0" branch="false"/>
            <line number="74" hits="0" branch="false"/>
            <line number="75" hits="0" branch="false"/>
            <line number="76" hits="0" branch="false"/>
            <line number="78" hits="0" branch="false"/>
            <line number="79" hits="0" branch="false"/>
            <line number="80" hits="0" branch="false"/>
            <line number="81" hits="0" branch="false"/>
            <line number="83" hits="0" branch="false"/>
            <line number="84" hits="0" branch="false"/>
            <line number="85" hits="0" branch="false"/>
            <line number="86" hits="0" branch="false"/>
            <line number="88" hits="0" branch="false"/>
            <line number="89" hits="0" branch="false"/>
            <line number="90" hits="0" branch="false"/>
            <line number="91" hits="0" branch="false"/>
            <line number="92" hits="0" branch="false"/>
            <line number="93" hits="0" branch="false"/>
            <line number="94" hits="0" branch="false"/>
            <line number="95" hits="0" branch="false"/>
            <line number="96" hits="0" branch="false"/>
            <line number="97" hits="0" branch="false"/>
            <line number="98" hits="0" branch="false"/>
            <line number="99" hits="0" branch="false"/>
            <line number="100" hits="0" branch="false"/>
            <line number="101" hits="0" branch="false"/>
            <line number="102" hits="0" branch="false"/>
            <line number="103" hits="0" branch="false"/>
            <line number="104" hits="0" branch="false"/>
            <line number="106" hits="0" branch="false"/>
            <line number="107" hits="0" branch="false"/>
            <line number="108" hits="0" branch="false"/>
            <line number="109" hits="0" branch="false"/>
            <line number="112" hits="0" branch="false"/>
            <line number="113" hits="0" branch="false"/>
            <line number="115" hits="0" branch="false"/>
            <line number="116" hits="0" branch="false"/>
            <line number="117" hits="0" branch="false"/>
            <line number="118" hits="0" branch="false"/>
            <line number="120" hits="0" branch="false"/>
            <line number="121" hits="0" branch="false"/>
            <line number="122" hits="0" branch="false"/>
            <line number="123" hits="0" branch="false"/>
            <line number="124" hits="0" branch="false"/>
            <line number="125" hits="0" branch="false"/>
            <line number="129" hits="0" branch="false"/>
            <line number="130" hits="0" branch="false"/>
            <line number="131" hits="0" branch="false"/>
            <line number="132" hits="0" branch="false"/>
            <line number="133" hits="0" branch="false"/>
            <line number="134" hits="0" branch="false"/>
            <line number="135" hits="0" branch="false"/>
            <line number="136" hits="0" branch="false"/>
            <line number="137" hits="0" branch="false"/>
            <line number="138" hits="0" branch="false"/>
            <line number="140" hits="0" branch="false"/>
            <line number="141" hits="0" branch="false"/>
            <line number="142" hits="0" branch="false"/>
            <line number="143" hits="0" branch="false"/>
            <line number="144" hits="0" branch="false"/>
            <line number="145" hits="0" branch="false"/>
            <line number="146" hits="0" branch="false"/>
            <line number="147" hits="0" branch="false"/>
            <line number="148" hits="0" branch="false"/>
            <line number="149" hits="0" branch="false"/>
            <line number="150" hits="0" branch="false"/>
            <line number="151" hits="0" branch="false"/>
            <line number="152" hits="0" branch="false"/>
            <line number="154" hits="0" branch="false"/>
            <line number="160" hits="0" branch="false"/>
            <line number="161" hits="0" branch="false"/>
            <line number="162" hits="0" branch="false"/>
            <line number="163" hits="0" branch="false"/>
            <line number="164" hits="0" branch="false"/>
            <line number="165" hits="0" branch="false"/>
            <line number="166" hits="0" branch="false"/>
            <line number="167" hits="0" branch="false"/>
            <line number="168" hits="0" branch="false"/>
            <line number="169" hits="0" branch="false"/>
            <line number="170" hits="0" branch="false"/>
            <line number="171" hits="0" branch="false"/>
            <line number="172" hits="0" branch="false"/>
            <line number="173" hits="0" branch="false"/>
            <line number="174" hits="0" branch="false"/>
            <line number="175" hits="0" branch="false"/>
            <line number="176" hits="0" branch="false"/>
            <line number="177" hits="0" branch="false"/>
            <line number="178" hits="0" branch="false"/>
            <line number="183" hits="0" branch="false"/>
            <line number="184" hits="0" branch="false"/>
            <line number="185" hits="0" branch="false"/>
            <line number="186" hits="0" branch="false"/>
            <line number="187" hits="0" branch="false"/>
            <line number="188" hits="0" branch="false"/>
            <line number="189" hits="0" branch="false"/>
            <line number="190" hits="0" branch="false"/>
            <line number="193" hits="0" branch="false"/>
          </lines>
        </class>
        <class name="dependencies_helper.R" filename="R/dependencies_helper.R" line-rate="0.697478991596639" branch-rate="0" complexity="0">
          <methods>
            <method name="run_package_actions" signature="" line-rate="0.410526315789474" branch-rate="0">
              <lines>
                <line number="35" hits="3" branch="false"/>
                <line number="36" hits="3" branch="false"/>
                <line number="37" hits="3" branch="false"/>
                <line number="39" hits="3" branch="false"/>
                <line number="41" hits="3" branch="false"/>
                <line number="42" hits="0" branch="false"/>
                <line number="43" hits="0" branch="false"/>
                <line number="46" hits="3" branch="false"/>
                <line number="47" hits="0" branch="false"/>
                <line number="50" hits="3" branch="false"/>
                <line number="52" hits="0" branch="false"/>
                <line number="53" hits="0" branch="false"/>
                <line number="54" hits="0" branch="false"/>
                <line number="55" hits="0" branch="false"/>
                <line number="58" hits="3" branch="false"/>
                <line number="59" hits="3" branch="false"/>
                <line number="60" hits="3" branch="false"/>
                <line number="61" hits="3" branch="false"/>
                <line number="63" hits="3" branch="false"/>
                <line number="64" hits="5" branch="false"/>
                <line number="65" hits="5" branch="false"/>
                <line number="67" hits="5" branch="false"/>
                <line number="68" hits="1" branch="false"/>
                <line number="69" hits="1" branch="false"/>
                <line number="70" hits="1" branch="false"/>
                <line number="71" hits="1" branch="false"/>
                <line number="72" hits="1" branch="false"/>
                <line number="77" hits="4" branch="false"/>
                <line number="78" hits="4" branch="false"/>
                <line number="79" hits="4" branch="false"/>
                <line number="80" hits="1" branch="false"/>
                <line number="81" hits="1" branch="false"/>
                <line number="82" hits="1" branch="false"/>
                <line number="83" hits="1" branch="false"/>
                <line number="86" hits="3" branch="false"/>
                <line number="87" hits="3" branch="false"/>
                <line number="91" hits="0" branch="false"/>
                <line number="94" hits="0" branch="false"/>
                <line number="95" hits="0" branch="false"/>
                <line number="97" hits="0" branch="false"/>
                <line number="98" hits="0" branch="false"/>
                <line number="99" hits="0" branch="false"/>
                <line number="100" hits="0" branch="false"/>
                <line number="101" hits="0" branch="false"/>
                <line number="102" hits="0" branch="false"/>
                <line number="103" hits="0" branch="false"/>
                <line number="104" hits="0" branch="false"/>
                <line number="107" hits="0" branch="false"/>
                <line number="111" hits="3" branch="false"/>
                <line number="112" hits="3" branch="false"/>
                <line number="113" hits="0" branch="false"/>
                <line number="114" hits="0" branch="false"/>
                <line number="115" hits="0" branch="false"/>
                <line number="116" hits="0" branch="false"/>
                <line number="117" hits="0" branch="false"/>
                <line number="118" hits="0" branch="false"/>
                <line number="119" hits="0" branch="false"/>
                <line number="120" hits="0" branch="false"/>
                <line number="121" hits="0" branch="false"/>
                <line number="122" hits="0" branch="false"/>
                <line number="125" hits="3" branch="false"/>
                <line number="127" hits="0" branch="false"/>
                <line number="128" hits="0" branch="false"/>
                <line number="129" hits="0" branch="false"/>
                <line number="130" hits="0" branch="false"/>
                <line number="131" hits="0" branch="false"/>
                <line number="133" hits="0" branch="false"/>
                <line number="134" hits="0" branch="false"/>
                <line number="138" hits="3" branch="false"/>
                <line number="139" hits="3" branch="false"/>
                <line number="140" hits="0" branch="false"/>
                <line number="141" hits="0" branch="false"/>
                <line number="142" hits="0" branch="false"/>
                <line number="143" hits="0" branch="false"/>
                <line number="147" hits="3" branch="false"/>
                <line number="148" hits="0" branch="false"/>
                <line number="149" hits="0" branch="false"/>
                <line number="150" hits="0" branch="false"/>
                <line number="151" hits="0" branch="false"/>
                <line number="152" hits="0" branch="false"/>
                <line number="153" hits="0" branch="false"/>
                <line number="154" hits="0" branch="false"/>
                <line number="155" hits="0" branch="false"/>
                <line number="157" hits="3" branch="false"/>
                <line number="161" hits="0" branch="false"/>
                <line number="165" hits="2" branch="false"/>
                <line number="168" hits="2" branch="false"/>
                <line number="169" hits="0" branch="false"/>
                <line number="170" hits="0" branch="false"/>
                <line number="171" hits="0" branch="false"/>
                <line number="172" hits="0" branch="false"/>
                <line number="173" hits="0" branch="false"/>
                <line number="174" hits="0" branch="false"/>
                <line number="175" hits="0" branch="false"/>
                <line number="178" hits="2" branch="false"/>
              </lines>
            </method>
            <method name="add_project_to_local_repos" signature="" line-rate="1" branch-rate="0">
              <lines>
                <line number="185" hits="12" branch="false"/>
                <line number="186" hits="12" branch="false"/>
                <line number="187" hits="12" branch="false"/>
                <line number="188" hits="12" branch="false"/>
                <line number="190" hits="12" branch="false"/>
                <line number="191" hits="12" branch="false"/>
                <line number="192" hits="12" branch="false"/>
                <line number="193" hits="12" branch="false"/>
                <line number="194" hits="12" branch="false"/>
                <line number="195" hits="12" branch="false"/>
                <line number="196" hits="12" branch="false"/>
                <line number="197" hits="12" branch="false"/>
                <line number="198" hits="12" branch="false"/>
              </lines>
            </method>
            <method name="get_local_pkgs_from_config" signature="" line-rate="0.941176470588235" branch-rate="0">
              <lines>
                <line number="212" hits="10" branch="false"/>
                <line number="213" hits="10" branch="false"/>
                <line number="214" hits="10" branch="false"/>
                <line number="215" hits="10" branch="false"/>
                <line number="216" hits="10" branch="false"/>
                <line number="217" hits="10" branch="false"/>
                <line number="218" hits="10" branch="false"/>
                <line number="219" hits="10" branch="false"/>
                <line number="220" hits="10" branch="false"/>
                <line number="221" hits="9" branch="false"/>
                <line number="223" hits="1" branch="false"/>
                <line number="224" hits="1" branch="false"/>
                <line number="225" hits="1" branch="false"/>
                <line number="226" hits="1" branch="false"/>
                <line number="227" hits="1" branch="false"/>
                <line number="228" hits="1" branch="false"/>
                <line number="230" hits="0" branch="false"/>
              </lines>
            </method>
            <method name="get_true_deps_graph" signature="" line-rate="0.75" branch-rate="0">
              <lines>
                <line number="250" hits="10" branch="false"/>
                <line number="251" hits="10" branch="false"/>
                <line number="252" hits="10" branch="false"/>
                <line number="253" hits="10" branch="false"/>
                <line number="254" hits="10" branch="false"/>
                <line number="255" hits="10" branch="false"/>
                <line number="260" hits="10" branch="false"/>
                <line number="261" hits="10" branch="false"/>
                <line number="262" hits="10" branch="false"/>
                <line number="263" hits="10" branch="false"/>
                <line number="264" hits="0" branch="false"/>
                <line number="265" hits="10" branch="false"/>
                <line number="266" hits="10" branch="false"/>
                <line number="267" hits="10" branch="false"/>
                <line number="268" hits="10" branch="false"/>
                <line number="269" hits="10" branch="false"/>
                <line number="273" hits="10" branch="false"/>
                <line number="276" hits="0" branch="false"/>
                <line number="277" hits="0" branch="false"/>
                <line number="278" hits="0" branch="false"/>
                <line number="281" hits="0" branch="false"/>
                <line number="284" hits="0" branch="false"/>
                <line number="287" hits="0" branch="false"/>
                <line number="288" hits="0" branch="false"/>
                <line number="289" hits="0" branch="false"/>
                <line number="290" hits="0" branch="false"/>
                <line number="291" hits="0" branch="false"/>
                <line number="293" hits="0" branch="false"/>
                <line number="294" hits="0" branch="false"/>
                <line number="301" hits="10" branch="false"/>
                <line number="302" hits="10" branch="false"/>
                <line number="303" hits="10" branch="false"/>
                <line number="304" hits="10" branch="false"/>
                <line number="305" hits="0" branch="false"/>
                <line number="306" hits="10" branch="false"/>
                <line number="307" hits="10" branch="false"/>
                <line number="308" hits="10" branch="false"/>
                <line number="309" hits="10" branch="false"/>
                <line number="310" hits="10" branch="false"/>
                <line number="311" hits="10" branch="false"/>
                <line number="312" hits="10" branch="false"/>
                <line number="313" hits="10" branch="false"/>
                <line number="316" hits="10" branch="false"/>
                <line number="317" hits="10" branch="false"/>
                <line number="318" hits="10" branch="false"/>
                <line number="320" hits="10" branch="false"/>
                <line number="321" hits="10" branch="false"/>
                <line number="322" hits="10" branch="false"/>
                <line number="323" hits="10" branch="false"/>
                <line number="325" hits="10" branch="false"/>
                <line number="326" hits="10" branch="false"/>
                <line number="327" hits="10" branch="false"/>
                <line number="328" hits="59" branch="false"/>
                <line number="329" hits="58" branch="false"/>
                <line number="333" hits="10" branch="false"/>
                <line number="336" hits="10" branch="false"/>
              </lines>
            </method>
            <method name="yaml_from_dep_table" signature="" line-rate="1" branch-rate="0">
              <lines>
                <line number="343" hits="1" branch="false"/>
                <line number="344" hits="1" branch="false"/>
                <line number="345" hits="1" branch="false"/>
                <line number="346" hits="1" branch="false"/>
                <line number="347" hits="1" branch="false"/>
                <line number="348" hits="1" branch="false"/>
                <line number="349" hits="1" branch="false"/>
                <line number="350" hits="1" branch="false"/>
                <line number="351" hits="1" branch="false"/>
                <line number="352" hits="1" branch="false"/>
                <line number="353" hits="1" branch="false"/>
                <line number="354" hits="1" branch="false"/>
                <line number="355" hits="1" branch="false"/>
                <line number="356" hits="1" branch="false"/>
                <line number="357" hits="1" branch="false"/>
                <line number="358" hits="1" branch="false"/>
              </lines>
            </method>
            <method name="parse_remote_project" signature="" line-rate="1" branch-rate="0">
              <lines>
                <line number="366" hits="6" branch="false"/>
                <line number="367" hits="6" branch="false"/>
                <line number="368" hits="1" branch="false"/>
                <line number="370" hits="5" branch="false"/>
                <line number="371" hits="5" branch="false"/>
                <line number="372" hits="1" branch="false"/>
                <line number="374" hits="4" branch="false"/>
                <line number="375" hits="2" branch="false"/>
                <line number="377" hits="4" branch="false"/>
                <line number="378" hits="2" branch="false"/>
                <line number="380" hits="2" branch="false"/>
              </lines>
            </method>
            <method name="filter_pkgs" signature="" line-rate="0.9375" branch-rate="0">
              <lines>
                <line number="390" hits="11" branch="false"/>
                <line number="391" hits="11" branch="false"/>
                <line number="392" hits="11" branch="false"/>
                <line number="393" hits="11" branch="false"/>
                <line number="394" hits="11" branch="false"/>
                <line number="395" hits="11" branch="false"/>
                <line number="398" hits="11" branch="false"/>
                <line number="399" hits="9" branch="false"/>
                <line number="401" hits="2" branch="false"/>
                <line number="404" hits="11" branch="false"/>
                <line number="405" hits="2" branch="false"/>
                <line number="409" hits="11" branch="false"/>
                <line number="410" hits="2" branch="false"/>
                <line number="413" hits="11" branch="false"/>
                <line number="414" hits="0" branch="false"/>
                <line number="417" hits="11" branch="false"/>
              </lines>
            </method>
            <method name="compute_actions" signature="" line-rate="1" branch-rate="0">
              <lines>
                <line number="423" hits="6" branch="false"/>
                <line number="424" hits="6" branch="false"/>
                <line number="425" hits="6" branch="false"/>
                <line number="426" hits="6" branch="false"/>
                <line number="427" hits="6" branch="false"/>
                <line number="428" hits="6" branch="false"/>
                <line number="429" hits="6" branch="false"/>
                <line number="430" hits="6" branch="false"/>
              </lines>
            </method>
            <method name="parse_deps_table" signature="" line-rate="1" branch-rate="0">
              <lines>
                <line number="437" hits="133" branch="false"/>
                <line number="438" hits="106" branch="false"/>
                <line number="441" hits="27" branch="false"/>
                <line number="443" hits="27" branch="false"/>
                <line number="445" hits="27" branch="false"/>
                <line number="446" hits="27" branch="false"/>
              </lines>
            </method>
          </methods>
          <lines>
            <line number="35" hits="3" branch="false"/>
            <line number="36" hits="3" branch="false"/>
            <line number="37" hits="3" branch="false"/>
            <line number="39" hits="3" branch="false"/>
            <line number="41" hits="3" branch="false"/>
            <line number="42" hits="0" branch="false"/>
            <line number="43" hits="0" branch="false"/>
            <line number="46" hits="3" branch="false"/>
            <line number="47" hits="0" branch="false"/>
            <line number="50" hits="3" branch="false"/>
            <line number="52" hits="0" branch="false"/>
            <line number="53" hits="0" branch="false"/>
            <line number="54" hits="0" branch="false"/>
            <line number="55" hits="0" branch="false"/>
            <line number="58" hits="3" branch="false"/>
            <line number="59" hits="3" branch="false"/>
            <line number="60" hits="3" branch="false"/>
            <line number="61" hits="3" branch="false"/>
            <line number="63" hits="3" branch="false"/>
            <line number="64" hits="5" branch="false"/>
            <line number="65" hits="5" branch="false"/>
            <line number="67" hits="5" branch="false"/>
            <line number="68" hits="1" branch="false"/>
            <line number="69" hits="1" branch="false"/>
            <line number="70" hits="1" branch="false"/>
            <line number="71" hits="1" branch="false"/>
            <line number="72" hits="1" branch="false"/>
            <line number="77" hits="4" branch="false"/>
            <line number="78" hits="4" branch="false"/>
            <line number="79" hits="4" branch="false"/>
            <line number="80" hits="1" branch="false"/>
            <line number="81" hits="1" branch="false"/>
            <line number="82" hits="1" branch="false"/>
            <line number="83" hits="1" branch="false"/>
            <line number="86" hits="3" branch="false"/>
            <line number="87" hits="3" branch="false"/>
            <line number="91" hits="0" branch="false"/>
            <line number="94" hits="0" branch="false"/>
            <line number="95" hits="0" branch="false"/>
            <line number="97" hits="0" branch="false"/>
            <line number="98" hits="0" branch="false"/>
            <line number="99" hits="0" branch="false"/>
            <line number="100" hits="0" branch="false"/>
            <line number="101" hits="0" branch="false"/>
            <line number="102" hits="0" branch="false"/>
            <line number="103" hits="0" branch="false"/>
            <line number="104" hits="0" branch="false"/>
            <line number="107" hits="0" branch="false"/>
            <line number="111" hits="3" branch="false"/>
            <line number="112" hits="3" branch="false"/>
            <line number="113" hits="0" branch="false"/>
            <line number="114" hits="0" branch="false"/>
            <line number="115" hits="0" branch="false"/>
            <line number="116" hits="0" branch="false"/>
            <line number="117" hits="0" branch="false"/>
            <line number="118" hits="0" branch="false"/>
            <line number="119" hits="0" branch="false"/>
            <line number="120" hits="0" branch="false"/>
            <line number="121" hits="0" branch="false"/>
            <line number="122" hits="0" branch="false"/>
            <line number="125" hits="3" branch="false"/>
            <line number="127" hits="0" branch="false"/>
            <line number="128" hits="0" branch="false"/>
            <line number="129" hits="0" branch="false"/>
            <line number="130" hits="0" branch="false"/>
            <line number="131" hits="0" branch="false"/>
            <line number="133" hits="0" branch="false"/>
            <line number="134" hits="0" branch="false"/>
            <line number="138" hits="3" branch="false"/>
            <line number="139" hits="3" branch="false"/>
            <line number="140" hits="0" branch="false"/>
            <line number="141" hits="0" branch="false"/>
            <line number="142" hits="0" branch="false"/>
            <line number="143" hits="0" branch="false"/>
            <line number="147" hits="3" branch="false"/>
            <line number="148" hits="0" branch="false"/>
            <line number="149" hits="0" branch="false"/>
            <line number="150" hits="0" branch="false"/>
            <line number="151" hits="0" branch="false"/>
            <line number="152" hits="0" branch="false"/>
            <line number="153" hits="0" branch="false"/>
            <line number="154" hits="0" branch="false"/>
            <line number="155" hits="0" branch="false"/>
            <line number="157" hits="3" branch="false"/>
            <line number="161" hits="0" branch="false"/>
            <line number="165" hits="2" branch="false"/>
            <line number="168" hits="2" branch="false"/>
            <line number="169" hits="0" branch="false"/>
            <line number="170" hits="0" branch="false"/>
            <line number="171" hits="0" branch="false"/>
            <line number="172" hits="0" branch="false"/>
            <line number="173" hits="0" branch="false"/>
            <line number="174" hits="0" branch="false"/>
            <line number="175" hits="0" branch="false"/>
            <line number="178" hits="2" branch="false"/>
            <line number="185" hits="12" branch="false"/>
            <line number="186" hits="12" branch="false"/>
            <line number="187" hits="12" branch="false"/>
            <line number="188" hits="12" branch="false"/>
            <line number="190" hits="12" branch="false"/>
            <line number="191" hits="12" branch="false"/>
            <line number="192" hits="12" branch="false"/>
            <line number="193" hits="12" branch="false"/>
            <line number="194" hits="12" branch="false"/>
            <line number="195" hits="12" branch="false"/>
            <line number="196" hits="12" branch="false"/>
            <line number="197" hits="12" branch="false"/>
            <line number="198" hits="12" branch="false"/>
            <line number="212" hits="10" branch="false"/>
            <line number="213" hits="10" branch="false"/>
            <line number="214" hits="10" branch="false"/>
            <line number="215" hits="10" branch="false"/>
            <line number="216" hits="10" branch="false"/>
            <line number="217" hits="10" branch="false"/>
            <line number="218" hits="10" branch="false"/>
            <line number="219" hits="10" branch="false"/>
            <line number="220" hits="10" branch="false"/>
            <line number="221" hits="9" branch="false"/>
            <line number="223" hits="1" branch="false"/>
            <line number="224" hits="1" branch="false"/>
            <line number="225" hits="1" branch="false"/>
            <line number="226" hits="1" branch="false"/>
            <line number="227" hits="1" branch="false"/>
            <line number="228" hits="1" branch="false"/>
            <line number="230" hits="0" branch="false"/>
            <line number="250" hits="10" branch="false"/>
            <line number="251" hits="10" branch="false"/>
            <line number="252" hits="10" branch="false"/>
            <line number="253" hits="10" branch="false"/>
            <line number="254" hits="10" branch="false"/>
            <line number="255" hits="10" branch="false"/>
            <line number="260" hits="10" branch="false"/>
            <line number="261" hits="10" branch="false"/>
            <line number="262" hits="10" branch="false"/>
            <line number="263" hits="10" branch="false"/>
            <line number="264" hits="0" branch="false"/>
            <line number="265" hits="10" branch="false"/>
            <line number="266" hits="10" branch="false"/>
            <line number="267" hits="10" branch="false"/>
            <line number="268" hits="10" branch="false"/>
            <line number="269" hits="10" branch="false"/>
            <line number="273" hits="10" branch="false"/>
            <line number="276" hits="0" branch="false"/>
            <line number="277" hits="0" branch="false"/>
            <line number="278" hits="0" branch="false"/>
            <line number="281" hits="0" branch="false"/>
            <line number="284" hits="0" branch="false"/>
            <line number="287" hits="0" branch="false"/>
            <line number="288" hits="0" branch="false"/>
            <line number="289" hits="0" branch="false"/>
            <line number="290" hits="0" branch="false"/>
            <line number="291" hits="0" branch="false"/>
            <line number="293" hits="0" branch="false"/>
            <line number="294" hits="0" branch="false"/>
            <line number="301" hits="10" branch="false"/>
            <line number="302" hits="10" branch="false"/>
            <line number="303" hits="10" branch="false"/>
            <line number="304" hits="10" branch="false"/>
            <line number="305" hits="0" branch="false"/>
            <line number="306" hits="10" branch="false"/>
            <line number="307" hits="10" branch="false"/>
            <line number="308" hits="10" branch="false"/>
            <line number="309" hits="10" branch="false"/>
            <line number="310" hits="10" branch="false"/>
            <line number="311" hits="10" branch="false"/>
            <line number="312" hits="10" branch="false"/>
            <line number="313" hits="10" branch="false"/>
            <line number="316" hits="10" branch="false"/>
            <line number="317" hits="10" branch="false"/>
            <line number="318" hits="10" branch="false"/>
            <line number="320" hits="10" branch="false"/>
            <line number="321" hits="10" branch="false"/>
            <line number="322" hits="10" branch="false"/>
            <line number="323" hits="10" branch="false"/>
            <line number="325" hits="10" branch="false"/>
            <line number="326" hits="10" branch="false"/>
            <line number="327" hits="10" branch="false"/>
            <line number="328" hits="59" branch="false"/>
            <line number="329" hits="58" branch="false"/>
            <line number="333" hits="10" branch="false"/>
            <line number="336" hits="10" branch="false"/>
            <line number="343" hits="1" branch="false"/>
            <line number="344" hits="1" branch="false"/>
            <line number="345" hits="1" branch="false"/>
            <line number="346" hits="1" branch="false"/>
            <line number="347" hits="1" branch="false"/>
            <line number="348" hits="1" branch="false"/>
            <line number="349" hits="1" branch="false"/>
            <line number="350" hits="1" branch="false"/>
            <line number="351" hits="1" branch="false"/>
            <line number="352" hits="1" branch="false"/>
            <line number="353" hits="1" branch="false"/>
            <line number="354" hits="1" branch="false"/>
            <line number="355" hits="1" branch="false"/>
            <line number="356" hits="1" branch="false"/>
            <line number="357" hits="1" branch="false"/>
            <line number="358" hits="1" branch="false"/>
            <line number="366" hits="6" branch="false"/>
            <line number="367" hits="6" branch="false"/>
            <line number="368" hits="1" branch="false"/>
            <line number="370" hits="5" branch="false"/>
            <line number="371" hits="5" branch="false"/>
            <line number="372" hits="1" branch="false"/>
            <line number="374" hits="4" branch="false"/>
            <line number="375" hits="2" branch="false"/>
            <line number="377" hits="4" branch="false"/>
            <line number="378" hits="2" branch="false"/>
            <line number="380" hits="2" branch="false"/>
            <line number="390" hits="11" branch="false"/>
            <line number="391" hits="11" branch="false"/>
            <line number="392" hits="11" branch="false"/>
            <line number="393" hits="11" branch="false"/>
            <line number="394" hits="11" branch="false"/>
            <line number="395" hits="11" branch="false"/>
            <line number="398" hits="11" branch="false"/>
            <line number="399" hits="9" branch="false"/>
            <line number="401" hits="2" branch="false"/>
            <line number="404" hits="11" branch="false"/>
            <line number="405" hits="2" branch="false"/>
            <line number="409" hits="11" branch="false"/>
            <line number="410" hits="2" branch="false"/>
            <line number="413" hits="11" branch="false"/>
            <line number="414" hits="0" branch="false"/>
            <line number="417" hits="11" branch="false"/>
            <line number="423" hits="6" branch="false"/>
            <line number="424" hits="6" branch="false"/>
            <line number="425" hits="6" branch="false"/>
            <line number="426" hits="6" branch="false"/>
            <line number="427" hits="6" branch="false"/>
            <line number="428" hits="6" branch="false"/>
            <line number="429" hits="6" branch="false"/>
            <line number="430" hits="6" branch="false"/>
            <line number="437" hits="133" branch="false"/>
            <line number="438" hits="106" branch="false"/>
            <line number="441" hits="27" branch="false"/>
            <line number="443" hits="27" branch="false"/>
            <line number="445" hits="27" branch="false"/>
            <line number="446" hits="27" branch="false"/>
          </lines>
        </class>
        <class name="dependencies.R" filename="R/dependencies.R" line-rate="0.878962536023055" branch-rate="0" complexity="0">
          <methods>
            <method name="dependency_table" signature="" line-rate="0.956043956043956" branch-rate="0">
              <lines>
                <line number="79" hits="10" branch="false"/>
                <line number="80" hits="10" branch="false"/>
                <line number="81" hits="10" branch="false"/>
                <line number="82" hits="10" branch="false"/>
                <line number="83" hits="10" branch="false"/>
                <line number="84" hits="10" branch="false"/>
                <line number="86" hits="10" branch="false"/>
                <line number="87" hits="0" branch="false"/>
                <line number="89" hits="10" branch="false"/>
                <line number="90" hits="10" branch="false"/>
                <line number="91" hits="10" branch="false"/>
                <line number="93" hits="10" branch="false"/>
                <line number="94" hits="0" branch="false"/>
                <line number="98" hits="10" branch="false"/>
                <line number="100" hits="10" branch="false"/>
                <line number="101" hits="10" branch="false"/>
                <line number="102" hits="10" branch="false"/>
                <line number="103" hits="10" branch="false"/>
                <line number="104" hits="10" branch="false"/>
                <line number="105" hits="10" branch="false"/>
                <line number="106" hits="10" branch="false"/>
                <line number="107" hits="10" branch="false"/>
                <line number="108" hits="10" branch="false"/>
                <line number="109" hits="10" branch="false"/>
                <line number="110" hits="10" branch="false"/>
                <line number="112" hits="0" branch="false"/>
                <line number="117" hits="10" branch="false"/>
                <line number="118" hits="10" branch="false"/>
                <line number="119" hits="10" branch="false"/>
                <line number="120" hits="10" branch="false"/>
                <line number="121" hits="10" branch="false"/>
                <line number="122" hits="10" branch="false"/>
                <line number="124" hits="9" branch="false"/>
                <line number="125" hits="9" branch="false"/>
                <line number="126" hits="9" branch="false"/>
                <line number="127" hits="9" branch="false"/>
                <line number="129" hits="9" branch="false"/>
                <line number="130" hits="0" branch="false"/>
                <line number="133" hits="9" branch="false"/>
                <line number="134" hits="9" branch="false"/>
                <line number="141" hits="9" branch="false"/>
                <line number="143" hits="9" branch="false"/>
                <line number="144" hits="9" branch="false"/>
                <line number="145" hits="9" branch="false"/>
                <line number="146" hits="9" branch="false"/>
                <line number="148" hits="9" branch="false"/>
                <line number="149" hits="9" branch="false"/>
                <line number="151" hits="9" branch="false"/>
                <line number="152" hits="9" branch="false"/>
                <line number="153" hits="9" branch="false"/>
                <line number="154" hits="9" branch="false"/>
                <line number="156" hits="9" branch="false"/>
                <line number="157" hits="9" branch="false"/>
                <line number="158" hits="9" branch="false"/>
                <line number="159" hits="9" branch="false"/>
                <line number="163" hits="9" branch="false"/>
                <line number="165" hits="9" branch="false"/>
                <line number="166" hits="9" branch="false"/>
                <line number="167" hits="9" branch="false"/>
                <line number="168" hits="9" branch="false"/>
                <line number="169" hits="9" branch="false"/>
                <line number="170" hits="9" branch="false"/>
                <line number="171" hits="9" branch="false"/>
                <line number="172" hits="9" branch="false"/>
                <line number="174" hits="9" branch="false"/>
                <line number="178" hits="9" branch="false"/>
                <line number="179" hits="9" branch="false"/>
                <line number="180" hits="9" branch="false"/>
                <line number="181" hits="9" branch="false"/>
                <line number="182" hits="9" branch="false"/>
                <line number="183" hits="9" branch="false"/>
                <line number="184" hits="9" branch="false"/>
                <line number="186" hits="9" branch="false"/>
                <line number="189" hits="9" branch="false"/>
                <line number="190" hits="9" branch="false"/>
                <line number="191" hits="9" branch="false"/>
                <line number="192" hits="9" branch="false"/>
                <line number="194" hits="9" branch="false"/>
                <line number="195" hits="9" branch="false"/>
                <line number="197" hits="9" branch="false"/>
                <line number="198" hits="9" branch="false"/>
                <line number="199" hits="9" branch="false"/>
                <line number="200" hits="9" branch="false"/>
                <line number="201" hits="9" branch="false"/>
                <line number="202" hits="9" branch="false"/>
                <line number="203" hits="9" branch="false"/>
                <line number="204" hits="9" branch="false"/>
                <line number="205" hits="9" branch="false"/>
                <line number="206" hits="9" branch="false"/>
                <line number="207" hits="9" branch="false"/>
                <line number="208" hits="9" branch="false"/>
              </lines>
            </method>
            <method name="print.dependency_structure" signature="" line-rate="0" branch-rate="0">
              <lines>
                <line number="214" hits="0" branch="false"/>
                <line number="216" hits="0" branch="false"/>
                <line number="217" hits="0" branch="false"/>
                <line number="219" hits="0" branch="false"/>
                <line number="220" hits="0" branch="false"/>
                <line number="221" hits="0" branch="false"/>
                <line number="222" hits="0" branch="false"/>
                <line number="223" hits="0" branch="false"/>
                <line number="224" hits="0" branch="false"/>
                <line number="227" hits="0" branch="false"/>
                <line number="228" hits="0" branch="false"/>
                <line number="230" hits="0" branch="false"/>
              </lines>
            </method>
            <method name="plot.dependency_structure" signature="" line-rate="0.902777777777778" branch-rate="0">
              <lines>
                <line number="240" hits="1" branch="false"/>
                <line number="242" hits="1" branch="false"/>
                <line number="243" hits="1" branch="false"/>
                <line number="244" hits="1" branch="false"/>
                <line number="246" hits="1" branch="false"/>
                <line number="247" hits="1" branch="false"/>
                <line number="248" hits="1" branch="false"/>
                <line number="249" hits="1" branch="false"/>
                <line number="250" hits="1" branch="false"/>
                <line number="251" hits="1" branch="false"/>
                <line number="252" hits="1" branch="false"/>
                <line number="254" hits="1" branch="false"/>
                <line number="255" hits="1" branch="false"/>
                <line number="256" hits="1" branch="false"/>
                <line number="257" hits="1" branch="false"/>
                <line number="258" hits="1" branch="false"/>
                <line number="259" hits="1" branch="false"/>
                <line number="260" hits="1" branch="false"/>
                <line number="261" hits="1" branch="false"/>
                <line number="262" hits="1" branch="false"/>
                <line number="263" hits="1" branch="false"/>
                <line number="265" hits="1" branch="false"/>
                <line number="266" hits="1" branch="false"/>
                <line number="267" hits="1" branch="false"/>
                <line number="268" hits="1" branch="false"/>
                <line number="269" hits="1" branch="false"/>
                <line number="270" hits="1" branch="false"/>
                <line number="271" hits="1" branch="false"/>
                <line number="272" hits="1" branch="false"/>
                <line number="273" hits="0" branch="false"/>
                <line number="274" hits="1" branch="false"/>
                <line number="275" hits="1" branch="false"/>
                <line number="276" hits="1" branch="false"/>
                <line number="277" hits="1" branch="false"/>
                <line number="278" hits="1" branch="false"/>
                <line number="279" hits="1" branch="false"/>
                <line number="280" hits="1" branch="false"/>
                <line number="281" hits="0" branch="false"/>
                <line number="282" hits="0" branch="false"/>
                <line number="283" hits="0" branch="false"/>
                <line number="284" hits="0" branch="false"/>
                <line number="285" hits="1" branch="false"/>
                <line number="286" hits="0" branch="false"/>
                <line number="287" hits="1" branch="false"/>
                <line number="288" hits="1" branch="false"/>
                <line number="289" hits="1" branch="false"/>
                <line number="290" hits="1" branch="false"/>
                <line number="291" hits="1" branch="false"/>
                <line number="292" hits="1" branch="false"/>
                <line number="293" hits="1" branch="false"/>
                <line number="294" hits="1" branch="false"/>
                <line number="295" hits="1" branch="false"/>
                <line number="297" hits="1" branch="false"/>
                <line number="298" hits="1" branch="false"/>
                <line number="299" hits="0" branch="false"/>
                <line number="301" hits="1" branch="false"/>
                <line number="303" hits="1" branch="false"/>
                <line number="305" hits="1" branch="false"/>
                <line number="307" hits="1" branch="false"/>
                <line number="309" hits="1" branch="false"/>
                <line number="311" hits="1" branch="false"/>
                <line number="312" hits="1" branch="false"/>
                <line number="314" hits="1" branch="false"/>
                <line number="315" hits="1" branch="false"/>
                <line number="316" hits="1" branch="false"/>
                <line number="317" hits="1" branch="false"/>
                <line number="318" hits="1" branch="false"/>
                <line number="319" hits="1" branch="false"/>
                <line number="320" hits="1" branch="false"/>
                <line number="321" hits="1" branch="false"/>
                <line number="322" hits="1" branch="false"/>
                <line number="323" hits="1" branch="false"/>
              </lines>
            </method>
            <method name="install_deps" signature="" line-rate="0.95" branch-rate="0">
              <lines>
                <line number="379" hits="3" branch="false"/>
                <line number="380" hits="3" branch="false"/>
                <line number="382" hits="3" branch="false"/>
                <line number="383" hits="3" branch="false"/>
                <line number="384" hits="0" branch="false"/>
                <line number="388" hits="3" branch="false"/>
                <line number="390" hits="3" branch="false"/>
                <line number="391" hits="3" branch="false"/>
                <line number="392" hits="3" branch="false"/>
                <line number="393" hits="3" branch="false"/>
                <line number="398" hits="3" branch="false"/>
                <line number="400" hits="3" branch="false"/>
                <line number="402" hits="3" branch="false"/>
                <line number="403" hits="3" branch="false"/>
                <line number="404" hits="3" branch="false"/>
                <line number="405" hits="3" branch="false"/>
                <line number="406" hits="3" branch="false"/>
                <line number="407" hits="3" branch="false"/>
                <line number="408" hits="3" branch="false"/>
[...]
                <line number="39" hits="0" branch="false"/>
                <line number="41" hits="0" branch="false"/>
                <line number="42" hits="0" branch="false"/>
                <line number="44" hits="0" branch="false"/>
              </lines>
            </method>
            <method name="check_downstream_job" signature="" line-rate="0" branch-rate="0">
              <lines>
                <line number="66" hits="0" branch="false"/>
                <line number="67" hits="0" branch="false"/>
                <line number="68" hits="0" branch="false"/>
                <line number="69" hits="0" branch="false"/>
                <line number="70" hits="0" branch="false"/>
                <line number="71" hits="0" branch="false"/>
                <line number="72" hits="0" branch="false"/>
                <line number="73" hits="0" branch="false"/>
                <line number="74" hits="0" branch="false"/>
              </lines>
            </method>
          </methods>
          <lines>
            <line number="3" hits="0" branch="false"/>
            <line number="4" hits="0" branch="false"/>
            <line number="5" hits="0" branch="false"/>
            <line number="6" hits="0" branch="false"/>
            <line number="7" hits="0" branch="false"/>
            <line number="29" hits="0" branch="false"/>
            <line number="30" hits="0" branch="false"/>
            <line number="32" hits="0" branch="false"/>
            <line number="33" hits="0" branch="false"/>
            <line number="34" hits="0" branch="false"/>
            <line number="35" hits="0" branch="false"/>
            <line number="36" hits="0" branch="false"/>
            <line number="37" hits="0" branch="false"/>
            <line number="38" hits="0" branch="false"/>
            <line number="39" hits="0" branch="false"/>
            <line number="41" hits="0" branch="false"/>
            <line number="42" hits="0" branch="false"/>
            <line number="44" hits="0" branch="false"/>
            <line number="66" hits="0" branch="false"/>
            <line number="67" hits="0" branch="false"/>
            <line number="68" hits="0" branch="false"/>
            <line number="69" hits="0" branch="false"/>
            <line number="70" hits="0" branch="false"/>
            <line number="71" hits="0" branch="false"/>
            <line number="72" hits="0" branch="false"/>
            <line number="73" hits="0" branch="false"/>
            <line number="74" hits="0" branch="false"/>
          </lines>
        </class>
        <class name="utils.R" filename="R/utils.R" line-rate="0.9375" branch-rate="0" complexity="0">
          <methods>
            <method name="cat_nl" signature="" line-rate="0" branch-rate="0">
              <lines>
                <line number="2" hits="0" branch="false"/>
              </lines>
            </method>
            <method name="message_if_verbose" signature="" line-rate="0.5" branch-rate="0">
              <lines>
                <line number="7" hits="6" branch="false"/>
                <line number="8" hits="0" branch="false"/>
              </lines>
            </method>
            <method name="extract_str_field" signature="" line-rate="1" branch-rate="0">
              <lines>
                <line number="13" hits="54" branch="false"/>
              </lines>
            </method>
            <method name="is_non_empty_char" signature="" line-rate="1" branch-rate="0">
              <lines>
                <line number="18" hits="313" branch="false"/>
              </lines>
            </method>
            <method name="cbind_handle_empty" signature="" line-rate="1" branch-rate="0">
              <lines>
                <line number="31" hits="4" branch="false"/>
                <line number="32" hits="4" branch="false"/>
                <line number="33" hits="1" branch="false"/>
                <line number="35" hits="4" branch="false"/>
              </lines>
            </method>
            <method name="hash_repo_and_host" signature="" line-rate="1" branch-rate="0">
              <lines>
                <line number="44" hits="45" branch="false"/>
                <line number="45" hits="1" branch="false"/>
                <line number="47" hits="44" branch="false"/>
              </lines>
            </method>
            <method name="unhash_repo_and_host" signature="" line-rate="1" branch-rate="0">
              <lines>
                <line number="55" hits="27" branch="false"/>
                <line number="56" hits="27" branch="false"/>
                <line number="57" hits="27" branch="false"/>
                <line number="58" hits="27" branch="false"/>
                <line number="59" hits="27" branch="false"/>
              </lines>
            </method>
            <method name="check_verbose_arg" signature="" line-rate="1" branch-rate="0">
              <lines>
                <line number="63" hits="37" branch="false"/>
              </lines>
            </method>
            <method name="check_direction_arg" signature="" line-rate="1" branch-rate="0">
              <lines>
                <line number="67" hits="36" branch="false"/>
              </lines>
            </method>
            <method name="check_direction_arg_deprecated" signature="" line-rate="0.5" branch-rate="0">
              <lines>
                <line number="71" hits="34" branch="false"/>
                <line number="72" hits="0" branch="false"/>
                <line number="73" hits="0" branch="false"/>
                <line number="75" hits="34" branch="false"/>
              </lines>
            </method>
            <method name="require_pkgs" signature="" line-rate="0.666666666666667" branch-rate="0">
              <lines>
                <line number="80" hits="1" branch="false"/>
                <line number="81" hits="1" branch="false"/>
                <line number="82" hits="0" branch="false"/>
              </lines>
            </method>
            <method name="check_dir_exists" signature="" line-rate="0.666666666666667" branch-rate="0">
              <lines>
                <line number="90" hits="117" branch="false"/>
                <line number="91" hits="117" branch="false"/>
                <line number="92" hits="0" branch="false"/>
              </lines>
            </method>
            <method name="validate_staged_deps_yaml" signature="" line-rate="1" branch-rate="0">
              <lines>
                <line number="107" hits="84" branch="false"/>
                <line number="108" hits="84" branch="false"/>
                <line number="109" hits="84" branch="false"/>
                <line number="110" hits="84" branch="false"/>
                <line number="111" hits="84" branch="false"/>
                <line number="114" hits="84" branch="false"/>
                <line number="116" hits="84" branch="false"/>
                <line number="117" hits="3" branch="false"/>
                <line number="118" hits="3" branch="false"/>
                <line number="119" hits="3" branch="false"/>
                <line number="120" hits="3" branch="false"/>
                <line number="121" hits="84" branch="false"/>
                <line number="123" hits="84" branch="false"/>
                <line number="124" hits="84" branch="false"/>
                <line number="125" hits="8" branch="false"/>
                <line number="126" hits="8" branch="false"/>
                <line number="127" hits="8" branch="false"/>
                <line number="128" hits="8" branch="false"/>
                <line number="129" hits="84" branch="false"/>
                <line number="130" hits="84" branch="false"/>
                <line number="131" hits="84" branch="false"/>
                <line number="135" hits="84" branch="false"/>
                <line number="136" hits="84" branch="false"/>
                <line number="137" hits="4" branch="false"/>
                <line number="141" hits="80" branch="false"/>
                <line number="144" hits="80" branch="false"/>
                <line number="147" hits="80" branch="false"/>
                <line number="148" hits="1" branch="false"/>
                <line number="149" hits="80" branch="false"/>
                <line number="150" hits="80" branch="false"/>
                <line number="151" hits="45" branch="false"/>
                <line number="152" hits="80" branch="false"/>
                <line number="155" hits="80" branch="false"/>
                <line number="156" hits="74" branch="false"/>
                <line number="157" hits="80" branch="false"/>
                <line number="158" hits="80" branch="false"/>
                <line number="159" hits="80" branch="false"/>
                <line number="160" hits="80" branch="false"/>
                <line number="161" hits="68" branch="false"/>
              </lines>
            </method>
            <method name="check_set_equal" signature="" line-rate="1" branch-rate="0">
              <lines>
                <line number="166" hits="30" branch="false"/>
                <line number="167" hits="4" branch="false"/>
                <line number="168" hits="4" branch="false"/>
                <line number="169" hits="4" branch="false"/>
                <line number="170" hits="4" branch="false"/>
                <line number="171" hits="4" branch="false"/>
                <line number="172" hits="4" branch="false"/>
                <line number="173" hits="1" branch="false"/>
                <line number="175" hits="3" branch="false"/>
                <line number="178" hits="26" branch="false"/>
                <line number="179" hits="23" branch="false"/>
                <line number="181" hits="3" branch="false"/>
              </lines>
            </method>
            <method name="get_pkg_names_from_paths" signature="" line-rate="1" branch-rate="0">
              <lines>
                <line number="187" hits="10" branch="false"/>
              </lines>
            </method>
            <method name="get_yaml_deps_info" signature="" line-rate="1" branch-rate="0">
              <lines>
                <line number="193" hits="67" branch="false"/>
                <line number="195" hits="67" branch="false"/>
                <line number="196" hits="67" branch="false"/>
                <line number="197" hits="66" branch="false"/>
                <line number="198" hits="66" branch="false"/>
                <line number="199" hits="66" branch="false"/>
                <line number="201" hits="1" branch="false"/>
                <line number="202" hits="1" branch="false"/>
                <line number="204" hits="1" branch="false"/>
                <line number="205" hits="1" branch="false"/>
              </lines>
            </method>
            <method name="error_if_stageddeps_inexistent" signature="" line-rate="1" branch-rate="0">
              <lines>
                <line number="210" hits="12" branch="false"/>
                <line number="211" hits="12" branch="false"/>
                <line number="212" hits="1" branch="false"/>
              </lines>
            </method>
            <method name="normalize_path" signature="" line-rate="1" branch-rate="0">
              <lines>
                <line number="217" hits="29" branch="false"/>
              </lines>
            </method>
            <method name="rep_with_names" signature="" line-rate="1" branch-rate="0">
              <lines>
                <line number="221" hits="3" branch="false"/>
              </lines>
            </method>
          </methods>
          <lines>
            <line number="2" hits="0" branch="false"/>
            <line number="7" hits="6" branch="false"/>
            <line number="8" hits="0" branch="false"/>
            <line number="13" hits="54" branch="false"/>
            <line number="18" hits="313" branch="false"/>
            <line number="31" hits="4" branch="false"/>
            <line number="32" hits="4" branch="false"/>
            <line number="33" hits="1" branch="false"/>
            <line number="35" hits="4" branch="false"/>
            <line number="44" hits="45" branch="false"/>
            <line number="45" hits="1" branch="false"/>
            <line number="47" hits="44" branch="false"/>
            <line number="55" hits="27" branch="false"/>
            <line number="56" hits="27" branch="false"/>
            <line number="57" hits="27" branch="false"/>
            <line number="58" hits="27" branch="false"/>
            <line number="59" hits="27" branch="false"/>
            <line number="63" hits="37" branch="false"/>
            <line number="67" hits="36" branch="false"/>
            <line number="71" hits="34" branch="false"/>
            <line number="72" hits="0" branch="false"/>
            <line number="73" hits="0" branch="false"/>
            <line number="75" hits="34" branch="false"/>
            <line number="80" hits="1" branch="false"/>
            <line number="81" hits="1" branch="false"/>
            <line number="82" hits="0" branch="false"/>
            <line number="90" hits="117" branch="false"/>
            <line number="91" hits="117" branch="false"/>
            <line number="92" hits="0" branch="false"/>
            <line number="107" hits="84" branch="false"/>
            <line number="108" hits="84" branch="false"/>
            <line number="109" hits="84" branch="false"/>
            <line number="110" hits="84" branch="false"/>
            <line number="111" hits="84" branch="false"/>
            <line number="114" hits="84" branch="false"/>
            <line number="116" hits="84" branch="false"/>
            <line number="117" hits="3" branch="false"/>
            <line number="118" hits="3" branch="false"/>
            <line number="119" hits="3" branch="false"/>
            <line number="120" hits="3" branch="false"/>
            <line number="121" hits="84" branch="false"/>
            <line number="123" hits="84" branch="false"/>
            <line number="124" hits="84" branch="false"/>
            <line number="125" hits="8" branch="false"/>
            <line number="126" hits="8" branch="false"/>
            <line number="127" hits="8" branch="false"/>
            <line number="128" hits="8" branch="false"/>
            <line number="129" hits="84" branch="false"/>
            <line number="130" hits="84" branch="false"/>
            <line number="131" hits="84" branch="false"/>
            <line number="135" hits="84" branch="false"/>
            <line number="136" hits="84" branch="false"/>
            <line number="137" hits="4" branch="false"/>
            <line number="141" hits="80" branch="false"/>
            <line number="144" hits="80" branch="false"/>
            <line number="147" hits="80" branch="false"/>
            <line number="148" hits="1" branch="false"/>
            <line number="149" hits="80" branch="false"/>
            <line number="150" hits="80" branch="false"/>
            <line number="151" hits="45" branch="false"/>
            <line number="152" hits="80" branch="false"/>
            <line number="155" hits="80" branch="false"/>
            <line number="156" hits="74" branch="false"/>
            <line number="157" hits="80" branch="false"/>
            <line number="158" hits="80" branch="false"/>
            <line number="159" hits="80" branch="false"/>
            <line number="160" hits="80" branch="false"/>
            <line number="161" hits="68" branch="false"/>
            <line number="166" hits="30" branch="false"/>
            <line number="167" hits="4" branch="false"/>
            <line number="168" hits="4" branch="false"/>
            <line number="169" hits="4" branch="false"/>
            <line number="170" hits="4" branch="false"/>
            <line number="171" hits="4" branch="false"/>
            <line number="172" hits="4" branch="false"/>
            <line number="173" hits="1" branch="false"/>
            <line number="175" hits="3" branch="false"/>
            <line number="178" hits="26" branch="false"/>
            <line number="179" hits="23" branch="false"/>
            <line number="181" hits="3" branch="false"/>
            <line number="187" hits="10" branch="false"/>
            <line number="193" hits="67" branch="false"/>
            <line number="195" hits="67" branch="false"/>
            <line number="196" hits="67" branch="false"/>
            <line number="197" hits="66" branch="false"/>
            <line number="198" hits="66" branch="false"/>
            <line number="199" hits="66" branch="false"/>
            <line number="201" hits="1" branch="false"/>
            <line number="202" hits="1" branch="false"/>
            <line number="204" hits="1" branch="false"/>
            <line number="205" hits="1" branch="false"/>
            <line number="210" hits="12" branch="false"/>
            <line number="211" hits="12" branch="false"/>
            <line number="212" hits="1" branch="false"/>
            <line number="217" hits="29" branch="false"/>
            <line number="221" hits="3" branch="false"/>
          </lines>
        </class>
        <class name="zzz.R" filename="R/zzz.R" line-rate="0.444444444444444" branch-rate="0" complexity="0">
          <methods>
            <method name="setup_storage_dir" signature="" line-rate="1" branch-rate="0">
              <lines>
                <line number="7" hits="19" branch="false"/>
                <line number="10" hits="19" branch="false"/>
                <line number="11" hits="10" branch="false"/>
                <line number="12" hits="10" branch="false"/>
                <line number="14" hits="19" branch="false"/>
                <line number="15" hits="10" branch="false"/>
                <line number="18" hits="19" branch="false"/>
              </lines>
            </method>
            <method name="get_storage_dir" signature="" line-rate="1" branch-rate="0">
              <lines>
                <line number="23" hits="158" branch="false"/>
              </lines>
            </method>
            <method name=".onLoad" signature="" line-rate="0" branch-rate="0">
              <lines>
                <line number="27" hits="0" branch="false"/>
                <line number="28" hits="0" branch="false"/>
                <line number="30" hits="0" branch="false"/>
                <line number="31" hits="0" branch="false"/>
                <line number="32" hits="0" branch="false"/>
                <line number="33" hits="0" branch="false"/>
                <line number="34" hits="0" branch="false"/>
                <line number="35" hits="0" branch="false"/>
                <line number="36" hits="0" branch="false"/>
                <line number="37" hits="0" branch="false"/>
              </lines>
            </method>
          </methods>
          <lines>
            <line number="7" hits="19" branch="false"/>
            <line number="10" hits="19" branch="false"/>
            <line number="11" hits="10" branch="false"/>
            <line number="12" hits="10" branch="false"/>
            <line number="14" hits="19" branch="false"/>
            <line number="15" hits="10" branch="false"/>
            <line number="18" hits="19" branch="false"/>
            <line number="23" hits="158" branch="false"/>
            <line number="27" hits="0" branch="false"/>
            <line number="28" hits="0" branch="false"/>
            <line number="30" hits="0" branch="false"/>
            <line number="31" hits="0" branch="false"/>
            <line number="32" hits="0" branch="false"/>
            <line number="33" hits="0" branch="false"/>
            <line number="34" hits="0" branch="false"/>
            <line number="35" hits="0" branch="false"/>
            <line number="36" hits="0" branch="false"/>
            <line number="37" hits="0" branch="false"/>
          </lines>
        </class>
      </classes>
    </package>
  </packages>
</coverage>
